
> mary-motors@0.1.0 build
> next build

  ▲ Next.js 14.2.35
  - Environments: .env.local

   Creating an optimized production build ...
Failed to compile.

./node_modules/@portabletext/editor/lib/index.js
Module not found: Package path ./compiler-runtime is not exported from package C:\Users\Administrator\Downloads\Mary-motors-main\Mary-motors-main\node_modules\react (see exports field in C:\Users\Administrator\Downloads\Mary-motors-main\Mary-motors-main\node_modules\react\package.json)

https://nextjs.org/docs/messages/module-not-found

Import trace for requested module:
./node_modules/sanity/lib/index.js
./sanity.config.js
./src/app/studio/[[...index]]/page.js

./node_modules/@portabletext/editor/lib/plugins/index.js
Module not found: Package path ./compiler-runtime is not exported from package C:\Users\Administrator\Downloads\Mary-motors-main\Mary-motors-main\node_modules\react (see exports field in C:\Users\Administrator\Downloads\Mary-motors-main\Mary-motors-main\node_modules\react\package.json)

https://nextjs.org/docs/messages/module-not-found

Import trace for requested module:
./node_modules/sanity/lib/index.js
./sanity.config.js
./src/app/studio/[[...index]]/page.js

./node_modules/@portabletext/plugin-character-pair-decorator/dist/index.js
Module not found: Package path ./compiler-runtime is not exported from package C:\Users\Administrator\Downloads\Mary-motors-main\Mary-motors-main\node_modules\react (see exports field in C:\Users\Administrator\Downloads\Mary-motors-main\Mary-motors-main\node_modules\react\package.json)

https://nextjs.org/docs/messages/module-not-found

Import trace for requested module:
./node_modules/@portabletext/plugin-markdown-shortcuts/dist/index.js
./node_modules/sanity/lib/index.js
./sanity.config.js
./src/app/studio/[[...index]]/page.js

./node_modules/@portabletext/plugin-input-rule/dist/index.js
Module not found: Package path ./compiler-runtime is not exported from package C:\Users\Administrator\Downloads\Mary-motors-main\Mary-motors-main\node_modules\react (see exports field in C:\Users\Administrator\Downloads\Mary-motors-main\Mary-motors-main\node_modules\react\package.json)

https://nextjs.org/docs/messages/module-not-found

Import trace for requested module:
./node_modules/@portabletext/plugin-typography/dist/index.js
./node_modules/sanity/lib/index.js
./sanity.config.js
./src/app/studio/[[...index]]/page.js

./node_modules/@portabletext/plugin-markdown-shortcuts/dist/index.js
Module not found: Package path ./compiler-runtime is not exported from package C:\Users\Administrator\Downloads\Mary-motors-main\Mary-motors-main\node_modules\react (see exports field in C:\Users\Administrator\Downloads\Mary-motors-main\Mary-motors-main\node_modules\react\package.json)

https://nextjs.org/docs/messages/module-not-found

Import trace for requested module:
./node_modules/sanity/lib/index.js
./sanity.config.js
./src/app/studio/[[...index]]/page.js


> Build failed because of webpack errors
